CRITICAL - 2020-09-08 00:01:02 --> Class 'Codeigniter\Model' not found
#0 C:\xampp\htdocs\restoran-ci4\ci4\system\Autoloader\Autoloader.php(365): require_once()
#1 C:\xampp\htdocs\restoran-ci4\ci4\system\Autoloader\Autoloader.php(296): CodeIgniter\Autoloader\Autoloader->requireFile('C:\\xampp\\htdocs...')
#2 C:\xampp\htdocs\restoran-ci4\ci4\system\Autoloader\Autoloader.php(258): CodeIgniter\Autoloader\Autoloader->loadInNamespace('App\\Models\\Kate...')
#3 [internal function]: CodeIgniter\Autoloader\Autoloader->loadClass('App\\Models\\Kate...')
#4 C:\xampp\htdocs\restoran-ci4\ci4\app\Controllers\Admin\Kategori.php(18): spl_autoload_call('App\\Models\\Kate...')
#5 C:\xampp\htdocs\restoran-ci4\ci4\system\CodeIgniter.php(914): App\Controllers\Admin\Kategori->select()
#6 C:\xampp\htdocs\restoran-ci4\ci4\system\CodeIgniter.php(400): CodeIgniter\CodeIgniter->runController(Object(App\Controllers\Admin\Kategori))
#7 C:\xampp\htdocs\restoran-ci4\ci4\system\CodeIgniter.php(308): CodeIgniter\CodeIgniter->handleRequest(NULL, Object(Config\Cache), false)
#8 C:\xampp\htdocs\restoran-ci4\index.php(45): CodeIgniter\CodeIgniter->run()
#9 {main}
CRITICAL - 2020-09-08 00:02:34 --> Access denied for user '****'@'localhost' (using password: YES)
#0 C:\xampp\htdocs\restoran-ci4\ci4\system\Database\BaseConnection.php(377): CodeIgniter\Database\MySQLi\Connection->connect(false)
#1 C:\xampp\htdocs\restoran-ci4\ci4\system\Database\BaseConnection.php(643): CodeIgniter\Database\BaseConnection->initialize()
#2 C:\xampp\htdocs\restoran-ci4\ci4\system\Database\BaseBuilder.php(1845): CodeIgniter\Database\BaseConnection->query('SELECT *\nFROM `...', Array, false)
#3 C:\xampp\htdocs\restoran-ci4\ci4\system\Model.php(445): CodeIgniter\Database\BaseBuilder->get()
#4 C:\xampp\htdocs\restoran-ci4\ci4\app\Controllers\Admin\Kategori.php(19): CodeIgniter\Model->findAll()
#5 C:\xampp\htdocs\restoran-ci4\ci4\system\CodeIgniter.php(914): App\Controllers\Admin\Kategori->select()
#6 C:\xampp\htdocs\restoran-ci4\ci4\system\CodeIgniter.php(400): CodeIgniter\CodeIgniter->runController(Object(App\Controllers\Admin\Kategori))
#7 C:\xampp\htdocs\restoran-ci4\ci4\system\CodeIgniter.php(308): CodeIgniter\CodeIgniter->handleRequest(NULL, Object(Config\Cache), false)
#8 C:\xampp\htdocs\restoran-ci4\index.php(45): CodeIgniter\CodeIgniter->run()
#9 {main}
CRITICAL - 2020-09-08 00:10:19 --> Illegal string offset 'kategori'
#0 C:\xampp\htdocs\restoran-ci4\ci4\app\Views\kategori\select.php(8): CodeIgniter\Debug\Exceptions->errorHandler(2, 'Illegal string ...', 'C:\\xampp\\htdocs...', 8, Array)
#1 C:\xampp\htdocs\restoran-ci4\ci4\system\View\View.php(246): include('C:\\xampp\\htdocs...')
#2 C:\xampp\htdocs\restoran-ci4\ci4\system\Common.php(1087): CodeIgniter\View\View->render('kategori/select', Array, true)
#3 C:\xampp\htdocs\restoran-ci4\ci4\app\Controllers\Admin\Kategori.php(37): view('kategori/select', Array)
#4 C:\xampp\htdocs\restoran-ci4\ci4\system\CodeIgniter.php(914): App\Controllers\Admin\Kategori->select()
#5 C:\xampp\htdocs\restoran-ci4\ci4\system\CodeIgniter.php(400): CodeIgniter\CodeIgniter->runController(Object(App\Controllers\Admin\Kategori))
#6 C:\xampp\htdocs\restoran-ci4\ci4\system\CodeIgniter.php(308): CodeIgniter\CodeIgniter->handleRequest(NULL, Object(Config\Cache), false)
#7 C:\xampp\htdocs\restoran-ci4\index.php(45): CodeIgniter\CodeIgniter->run()
#8 {main}
CRITICAL - 2020-09-08 01:14:19 --> Allowed fields must be specified for model: {0}
#0 C:\xampp\htdocs\restoran-ci4\ci4\system\Model.php(1234): CodeIgniter\Database\Exceptions\DataException::forInvalidAllowedFields('app\\Models\\Kate...')
#1 C:\xampp\htdocs\restoran-ci4\ci4\system\Model.php(709): CodeIgniter\Model->doProtectFields(Array)
#2 C:\xampp\htdocs\restoran-ci4\ci4\app\Controllers\Admin\Kategori.php(43): CodeIgniter\Model->insert(Array)
#3 C:\xampp\htdocs\restoran-ci4\ci4\system\CodeIgniter.php(914): App\Controllers\Admin\Kategori->insert()
#4 C:\xampp\htdocs\restoran-ci4\ci4\system\CodeIgniter.php(400): CodeIgniter\CodeIgniter->runController(Object(App\Controllers\Admin\Kategori))
#5 C:\xampp\htdocs\restoran-ci4\ci4\system\CodeIgniter.php(308): CodeIgniter\CodeIgniter->handleRequest(NULL, Object(Config\Cache), false)
#6 C:\xampp\htdocs\restoran-ci4\index.php(45): CodeIgniter\CodeIgniter->run()
#7 {main}
CRITICAL - 2020-09-08 01:15:40 --> There is no data to {0}.
#0 C:\xampp\htdocs\restoran-ci4\ci4\system\Model.php(679): CodeIgniter\Database\Exceptions\DataException::forEmptyDataset('insert')
#1 C:\xampp\htdocs\restoran-ci4\ci4\app\Controllers\Admin\Kategori.php(43): CodeIgniter\Model->insert(NULL)
#2 C:\xampp\htdocs\restoran-ci4\ci4\system\CodeIgniter.php(914): App\Controllers\Admin\Kategori->insert()
#3 C:\xampp\htdocs\restoran-ci4\ci4\system\CodeIgniter.php(400): CodeIgniter\CodeIgniter->runController(Object(App\Controllers\Admin\Kategori))
#4 C:\xampp\htdocs\restoran-ci4\ci4\system\CodeIgniter.php(308): CodeIgniter\CodeIgniter->handleRequest(NULL, Object(Config\Cache), false)
#5 C:\xampp\htdocs\restoran-ci4\index.php(45): CodeIgniter\CodeIgniter->run()
#6 {main}
